/home/tzhu38/miniconda3/envs/whisperx/lib/python3.10/site-packages/transformers/utils/hub.py:124: FutureWarning: Using `TRANSFORMERS_CACHE` is deprecated and will be removed in v5 of Transformers. Use `HF_HOME` instead.
  warnings.warn(
torchvision is not available - cannot save figures
load Whisper model
extract ASR
load align model
extract audio
align ASR
Failed to align segment (" ♪♪"): no characters in this segment found in model dictionary, resorting to original...
Failed to align segment (" ♪♪"): no characters in this segment found in model dictionary, resorting to original...
Failed to align segment (" ♪♪"): no characters in this segment found in model dictionary, resorting to original...
Failed to align segment (" ♪♪"): no characters in this segment found in model dictionary, resorting to original...
Failed to align segment (" ♪♪"): no characters in this segment found in model dictionary, resorting to original...
Failed to align segment (" ♪♪"): no characters in this segment found in model dictionary, resorting to original...
Failed to align segment (" ♪♪"): no characters in this segment found in model dictionary, resorting to original...
Failed to align segment (" ♪♪"): no characters in this segment found in model dictionary, resorting to original...
Failed to align segment (" ♪♪"): no characters in this segment found in model dictionary, resorting to original...
Failed to align segment (" ♪♪"): no characters in this segment found in model dictionary, resorting to original...
Failed to align segment (" ♪♪"): no characters in this segment found in model dictionary, resorting to original...
Failed to align segment (" ♪♪"): no characters in this segment found in model dictionary, resorting to original...
Failed to align segment (" ♪♪"): no characters in this segment found in model dictionary, resorting to original...
Failed to align segment (" ♪♪"): no characters in this segment found in model dictionary, resorting to original...
Failed to align segment (" ♪♪"): no characters in this segment found in model dictionary, resorting to original...
Failed to align segment (" ♪♪"): no characters in this segment found in model dictionary, resorting to original...
Failed to align segment (" ♪♪"): no characters in this segment found in model dictionary, resorting to original...
Failed to align segment (" ♪♪"): no characters in this segment found in model dictionary, resorting to original...
Failed to align segment (" ♪♪"): no characters in this segment found in model dictionary, resorting to original...
Failed to align segment (" ♪♪"): no characters in this segment found in model dictionary, resorting to original...
Failed to align segment (" ♪♪"): no characters in this segment found in model dictionary, resorting to original...
Failed to align segment (" ♪♪"): no characters in this segment found in model dictionary, resorting to original...
Failed to align segment (" ♪♪"): no characters in this segment found in model dictionary, resorting to original...
Failed to align segment (" ♪♪"): no characters in this segment found in model dictionary, resorting to original...
Failed to align segment (" ♪♪"): no characters in this segment found in model dictionary, resorting to original...
Failed to align segment (" ♪♪"): no characters in this segment found in model dictionary, resorting to original...
Failed to align segment (" ♪♪"): no characters in this segment found in model dictionary, resorting to original...
saving
done extracting ASR
